生成启动时间为 2018/8/3 16:30:59。
     1>项目“D:\MyProg\MpegTsParser\MpegTsParser\MpegTsParser.vcxproj”在节点 2 上(build 个目标)。
     1>InitializeBuildStatus:
         正在创建“Debug\MpegTsParser.unsuccessfulbuild”，因为已指定“AlwaysCreate”。
       ClCompile:
         所有输出均为最新。
         D:\Program Files (x86)\Microsoft Visual Studio 10.0\VC\bin\CL.exe /c /ZI /nologo /W3 /WX- /Od /Oy- /D WIN32 /D _DEBUG /D _CONSOLE /D _UNICODE /D UNICODE /Gm /EHsc /RTC1 /MDd /GS /fp:precise /Zc:wchar_t /Zc:forScope /Fo"Debug\\" /Fd"Debug\vc100.pdb" /Gd /TP /analyze- /errorReport:prompt ParserdDataContainer.cpp
         ParserdDataContainer.cpp
       ManifestResourceCompile:
         所有输出均为最新。
       Link:
         D:\Program Files (x86)\Microsoft Visual Studio 10.0\VC\bin\link.exe /ERRORREPORT:PROMPT /OUT:"D:\MyProg\MpegTsParser\Debug\MpegTsParser.exe" /INCREMENTAL /NOLOGO kernel32.lib user32.lib gdi32.lib winspool.lib comdlg32.lib advapi32.lib shell32.lib ole32.lib oleaut32.lib uuid.lib odbc32.lib odbccp32.lib /MANIFEST /ManifestFile:"Debug\MpegTsParser.exe.intermediate.manifest" /MANIFESTUAC:"level='asInvoker' uiAccess='false'" /DEBUG /PDB:"D:\MyProg\MpegTsParser\Debug\MpegTsParser.pdb" /SUBSYSTEM:CONSOLE /TLBID:1 /DYNAMICBASE /NXCOMPAT /IMPLIB:"D:\MyProg\MpegTsParser\Debug\MpegTsParser.lib" /MACHINE:X86 Debug\MpegTsParser.exe.embed.manifest.res
         Debug\bitstream.obj
         Debug\debug.obj
         Debug\elementaryStream.obj
         Debug\ES_AAC.obj
         Debug\ES_AC3.obj
         Debug\ES_h264.obj
         Debug\ES_hevc.obj
         Debug\ES_MPEGAudio.obj
         Debug\ES_MPEGVideo.obj
         Debug\ES_Subtitle.obj
         Debug\ES_Teletext.obj
         Debug\MpegTsParser.obj
         Debug\ParserdDataContainer.obj
         Debug\stdafx.obj
         Debug\test_demux.obj
         Debug\tsDemuxer.obj
       Manifest:
         C:\Program Files (x86)\Microsoft SDKs\Windows\v7.0A\bin\mt.exe /nologo /verbose /out:"Debug\MpegTsParser.exe.embed.manifest" /manifest Debug\MpegTsParser.exe.intermediate.manifest
         所有输出均为最新。
       LinkEmbedManifest:
         所有输出均为最新。
         MpegTsParser.vcxproj -> D:\MyProg\MpegTsParser\Debug\MpegTsParser.exe
       FinalizeBuildStatus:
         正在删除文件“Debug\MpegTsParser.unsuccessfulbuild”。
         正在对“Debug\MpegTsParser.lastbuildstate”执行 Touch 任务。
     1>已完成生成项目“D:\MyProg\MpegTsParser\MpegTsParser\MpegTsParser.vcxproj”(build 个目标)的操作。

生成成功。

已用时间 00:00:02.14
