E:\CODE\PROGRAM\MPEGTSPARSER\DEBUG\MPEGTSPARSER.EXE
E:\CODE\PROGRAM\MPEGTSPARSER\DEBUG\MPEGTSPARSER.ILK
E:\CODE\PROGRAM\MPEGTSPARSER\DEBUG\MPEGTSPARSER.PDB
E:\CODE\PROGRAM\MPEGTSPARSER\MPEGTSPARSER\DEBUG\BITSTREAM.OBJ
E:\Code\Program\MpegTsParser\MpegTsParser\Debug\cl.command.1.tlog
E:\Code\Program\MpegTsParser\MpegTsParser\Debug\CL.read.1.tlog
E:\Code\Program\MpegTsParser\MpegTsParser\Debug\CL.write.1.tlog
E:\CODE\PROGRAM\MPEGTSPARSER\MPEGTSPARSER\DEBUG\DEBUG.OBJ
E:\CODE\PROGRAM\MPEGTSPARSER\MPEGTSPARSER\DEBUG\ELEMENTARYSTREAM.OBJ
E:\CODE\PROGRAM\MPEGTSPARSER\MPEGTSPARSER\DEBUG\ES_AAC.OBJ
E:\CODE\PROGRAM\MPEGTSPARSER\MPEGTSPARSER\DEBUG\ES_AC3.OBJ
E:\CODE\PROGRAM\MPEGTSPARSER\MPEGTSPARSER\DEBUG\ES_H264.OBJ
E:\CODE\PROGRAM\MPEGTSPARSER\MPEGTSPARSER\DEBUG\ES_HEVC.OBJ
E:\CODE\PROGRAM\MPEGTSPARSER\MPEGTSPARSER\DEBUG\ES_MPEGAUDIO.OBJ
E:\CODE\PROGRAM\MPEGTSPARSER\MPEGTSPARSER\DEBUG\ES_MPEGVIDEO.OBJ
E:\CODE\PROGRAM\MPEGTSPARSER\MPEGTSPARSER\DEBUG\ES_SUBTITLE.OBJ
E:\CODE\PROGRAM\MPEGTSPARSER\MPEGTSPARSER\DEBUG\ES_TELETEXT.OBJ
E:\Code\Program\MpegTsParser\MpegTsParser\Debug\link.13776.read.1.tlog
E:\Code\Program\MpegTsParser\MpegTsParser\Debug\link.13776.write.1.tlog
E:\Code\Program\MpegTsParser\MpegTsParser\Debug\link.13776-cvtres.read.1.tlog
E:\Code\Program\MpegTsParser\MpegTsParser\Debug\link.13776-cvtres.write.1.tlog
E:\Code\Program\MpegTsParser\MpegTsParser\Debug\link.command.1.tlog
E:\Code\Program\MpegTsParser\MpegTsParser\Debug\link.read.1.tlog
E:\Code\Program\MpegTsParser\MpegTsParser\Debug\link.write.1.tlog
E:\Code\Program\MpegTsParser\MpegTsParser\Debug\link-cvtres.read.1.tlog
E:\Code\Program\MpegTsParser\MpegTsParser\Debug\link-cvtres.write.1.tlog
E:\CODE\PROGRAM\MPEGTSPARSER\MPEGTSPARSER\DEBUG\MPEGTSPARSER.EXE.EMBED.MANIFEST
E:\CODE\PROGRAM\MPEGTSPARSER\MPEGTSPARSER\DEBUG\MPEGTSPARSER.EXE.EMBED.MANIFEST.RES
E:\CODE\PROGRAM\MPEGTSPARSER\MPEGTSPARSER\DEBUG\MPEGTSPARSER.EXE.INTERMEDIATE.MANIFEST
E:\CODE\PROGRAM\MPEGTSPARSER\MPEGTSPARSER\DEBUG\MPEGTSPARSER.OBJ
E:\CODE\PROGRAM\MPEGTSPARSER\MPEGTSPARSER\DEBUG\MPEGTSPARSER.PCH
E:\Code\Program\MpegTsParser\MpegTsParser\Debug\MpegTsParser.vcxprojResolveAssemblyReference.cache
E:\Code\Program\MpegTsParser\MpegTsParser\Debug\MpegTsParser.write.1.tlog
E:\Code\Program\MpegTsParser\MpegTsParser\Debug\MpegTsParser_manifest.rc
E:\Code\Program\MpegTsParser\MpegTsParser\Debug\mt.command.1.tlog
E:\Code\Program\MpegTsParser\MpegTsParser\Debug\mt.read.1.tlog
E:\Code\Program\MpegTsParser\MpegTsParser\Debug\mt.write.1.tlog
E:\Code\Program\MpegTsParser\MpegTsParser\Debug\rc.command.1.tlog
E:\Code\Program\MpegTsParser\MpegTsParser\Debug\rc.read.1.tlog
E:\Code\Program\MpegTsParser\MpegTsParser\Debug\rc.write.1.tlog
E:\CODE\PROGRAM\MPEGTSPARSER\MPEGTSPARSER\DEBUG\STDAFX.OBJ
E:\CODE\PROGRAM\MPEGTSPARSER\MPEGTSPARSER\DEBUG\TEST_DEMUX.OBJ
E:\CODE\PROGRAM\MPEGTSPARSER\MPEGTSPARSER\DEBUG\TSDEMUXER.OBJ
E:\Code\Program\MpegTsParser\MpegTsParser\Debug\vc100.idb
E:\CODE\PROGRAM\MPEGTSPARSER\MPEGTSPARSER\DEBUG\VC100.PDB
